<?xml version="1.0" encoding="UTF-8"?>
<!-- Generated by org.testng.reporters.JUnitReportReporter -->
<testsuite hostname="ALC-3J6GRC2" name="es.pablo.ritmic.actividades.CorreccionActivdadLecturaTest" tests="3" failures="0" timestamp="14 Jun 2017 09:48:32 GMT" time="0.250" errors="0">
  <testcase name="corrigeMuchaDesviacion" time="0.234" classname="es.pablo.ritmic.actividades.CorreccionActivdadLecturaTest"/>
  <testcase name="corrigePocaDesviacion" time="0.016" classname="es.pablo.ritmic.actividades.CorreccionActivdadLecturaTest"/>
  <testcase name="corrigeTest" time="0.000" classname="es.pablo.ritmic.actividades.CorreccionActivdadLecturaTest"/>
</testsuite> <!-- es.pablo.ritmic.actividades.CorreccionActivdadLecturaTest -->
