<?xml version="1.0" encoding="UTF-8"?>
<!-- Generated by org.testng.reporters.JUnitReportReporter -->
<testsuite hostname="ALC-3J6GRC2" name="es.pablo.ritmic.actividades.CodificadorTapsTest" tests="1" failures="0" timestamp="4 Jun 2017 08:06:23 GMT" time="0.185" errors="0">
  <testcase name="getFiguresAndDotsSequence" time="0.185" classname="es.pablo.ritmic.actividades.CodificadorTapsTest"/>
</testsuite> <!-- es.pablo.ritmic.actividades.CodificadorTapsTest -->
