<?xml version="1.0" encoding="UTF-8"?>
<!-- Generated by org.testng.reporters.JUnitReportReporter -->
<testsuite hostname="ALC-3J6GRC2" name="es.pablo.ritmic.actividades.EditDistanceTest" tests="3" failures="0" timestamp="14 Jun 2017 09:42:58 GMT" time="0.017" errors="0">
  <testcase name="distance3" time="0.000" classname="es.pablo.ritmic.actividades.EditDistanceTest"/>
  <testcase name="distance1" time="0.017" classname="es.pablo.ritmic.actividades.EditDistanceTest"/>
  <testcase name="distance2" time="0.000" classname="es.pablo.ritmic.actividades.EditDistanceTest"/>
</testsuite> <!-- es.pablo.ritmic.actividades.EditDistanceTest -->
